
2023-03-04 23:37:56 Apache Commons Daemon procrun stderr initialized.
04-Mar-2023 23:37:59.649 정보 [main] org.apache.catalina.startup.VersionLoggerListener.log 서버 버전 이름:    Apache Tomcat/9.0.73
04-Mar-2023 23:37:59.651 정보 [main] org.apache.catalina.startup.VersionLoggerListener.log Server 빌드 시각:  Feb 27 2023 15:33:40 UTC
04-Mar-2023 23:37:59.652 정보 [main] org.apache.catalina.startup.VersionLoggerListener.log Server 버전 번호:  9.0.73.0
04-Mar-2023 23:37:59.652 정보 [main] org.apache.catalina.startup.VersionLoggerListener.log 운영체제 이름:     Windows 10
04-Mar-2023 23:37:59.652 정보 [main] org.apache.catalina.startup.VersionLoggerListener.log 운영체제 버전:     10.0
04-Mar-2023 23:37:59.652 정보 [main] org.apache.catalina.startup.VersionLoggerListener.log 아키텍처:          amd64
04-Mar-2023 23:37:59.652 정보 [main] org.apache.catalina.startup.VersionLoggerListener.log 자바 홈:           C:\Program Files\RedHat\java-17-openjdk-17.0.6.0.10-1
04-Mar-2023 23:37:59.652 정보 [main] org.apache.catalina.startup.VersionLoggerListener.log JVM 버전:          17.0.6+10-LTS
04-Mar-2023 23:37:59.652 정보 [main] org.apache.catalina.startup.VersionLoggerListener.log JVM 벤더:          Red Hat, Inc.
04-Mar-2023 23:37:59.652 정보 [main] org.apache.catalina.startup.VersionLoggerListener.log CATALINA_BASE:     C:\Jsp\Tomcat9.0
04-Mar-2023 23:37:59.652 정보 [main] org.apache.catalina.startup.VersionLoggerListener.log CATALINA_HOME:     C:\Jsp\Tomcat9.0
04-Mar-2023 23:38:00.346 정보 [main] org.apache.catalina.startup.VersionLoggerListener.log 명령 행 아규먼트:  -Dcatalina.home=C:\Jsp\Tomcat9.0
04-Mar-2023 23:38:00.346 정보 [main] org.apache.catalina.startup.VersionLoggerListener.log 명령 행 아규먼트:  -Dcatalina.base=C:\Jsp\Tomcat9.0
04-Mar-2023 23:38:00.346 정보 [main] org.apache.catalina.startup.VersionLoggerListener.log 명령 행 아규먼트:  -Djava.io.tmpdir=C:\Jsp\Tomcat9.0\temp
04-Mar-2023 23:38:00.346 정보 [main] org.apache.catalina.startup.VersionLoggerListener.log 명령 행 아규먼트:  -Djava.util.logging.manager=org.apache.juli.ClassLoaderLogManager
04-Mar-2023 23:38:00.347 정보 [main] org.apache.catalina.startup.VersionLoggerListener.log 명령 행 아규먼트:  -Djava.util.logging.config.file=C:\Jsp\Tomcat9.0\conf\logging.properties
04-Mar-2023 23:38:00.347 정보 [main] org.apache.catalina.startup.VersionLoggerListener.log 명령 행 아규먼트:  --add-opens=java.base/java.lang=ALL-UNNAMED
04-Mar-2023 23:38:00.347 정보 [main] org.apache.catalina.startup.VersionLoggerListener.log 명령 행 아규먼트:  --add-opens=java.base/java.io=ALL-UNNAMED
04-Mar-2023 23:38:00.347 정보 [main] org.apache.catalina.startup.VersionLoggerListener.log 명령 행 아규먼트:  --add-opens=java.rmi/sun.rmi.transport=ALL-UNNAMED
04-Mar-2023 23:38:00.347 정보 [main] org.apache.catalina.startup.VersionLoggerListener.log 명령 행 아규먼트:  exit
04-Mar-2023 23:38:00.348 정보 [main] org.apache.catalina.startup.VersionLoggerListener.log 명령 행 아규먼트:  abort
04-Mar-2023 23:38:00.348 정보 [main] org.apache.catalina.startup.VersionLoggerListener.log 명령 행 아규먼트:  -Xms128m
04-Mar-2023 23:38:00.348 정보 [main] org.apache.catalina.startup.VersionLoggerListener.log 명령 행 아규먼트:  -Xmx256m
04-Mar-2023 23:38:00.354 정보 [main] org.apache.catalina.core.AprLifecycleListener.lifecycleEvent 프로덕션 환경들에서 최적의 성능을 제공하는, APR 기반 Apache Tomcat Native 라이브러리가, 다음 java.library.path에서 발견되지 않습니다: [C:\Jsp\Tomcat9.0\bin;C:\Windows\Sun\Java\bin;C:\Windows\system32;C:\Windows;C:\Program Files\RedHat\java-17-openjdk-17.0.6.0.10-1\bin;C:\Python\Python311\Scripts\;C:\Python\Python311\;C:\Java\jdk-11.0.16.1\bin;C:\Program Files\Common Files\Oracle\Java\javapath;C:\Windows\system32;C:\Windows;C:\Windows\System32\Wbem;C:\Windows\System32\WindowsPowerShell\v1.0\;C:\Windows\System32\OpenSSH\;C:\Program Files\Bandizip\;C:\Program Files\Git\cmd;C:\Program Files\RedHat\java-17-openjdk-17.0.6.0.10-1\bin;C:\Windows\ServiceProfiles\LocalService\AppData\Local\Microsoft\WindowsApps;.]
04-Mar-2023 23:38:00.512 정보 [main] org.apache.coyote.AbstractProtocol.init 프로토콜 핸들러 ["http-nio-80"]을(를) 초기화합니다.
04-Mar-2023 23:38:00.539 정보 [main] org.apache.catalina.startup.Catalina.load [1003] 밀리초 내에 서버가 초기화되었습니다.
04-Mar-2023 23:38:00.567 정보 [main] org.apache.catalina.core.StandardService.startInternal 서비스 [Catalina]을(를) 시작합니다.
04-Mar-2023 23:38:00.567 정보 [main] org.apache.catalina.core.StandardEngine.startInternal 서버 엔진을 시작합니다: [Apache Tomcat/9.0.73]
04-Mar-2023 23:38:00.574 정보 [main] org.apache.catalina.startup.HostConfig.deployDirectory 웹 애플리케이션 디렉토리 [C:\Jsp\Tomcat9.0\webapps\docs]을(를) 배치합니다.
04-Mar-2023 23:38:01.089 정보 [main] org.apache.catalina.startup.HostConfig.deployDirectory 웹 애플리케이션 디렉토리 [C:\Jsp\Tomcat9.0\webapps\docs]에 대한 배치가 [514] 밀리초에 완료되었습니다.
04-Mar-2023 23:38:01.089 정보 [main] org.apache.catalina.startup.HostConfig.deployDirectory 웹 애플리케이션 디렉토리 [C:\Jsp\Tomcat9.0\webapps\examples]을(를) 배치합니다.
04-Mar-2023 23:38:01.337 정보 [main] org.apache.catalina.startup.HostConfig.deployDirectory 웹 애플리케이션 디렉토리 [C:\Jsp\Tomcat9.0\webapps\examples]에 대한 배치가 [248] 밀리초에 완료되었습니다.
04-Mar-2023 23:38:01.337 정보 [main] org.apache.catalina.startup.HostConfig.deployDirectory 웹 애플리케이션 디렉토리 [C:\Jsp\Tomcat9.0\webapps\host-manager]을(를) 배치합니다.
04-Mar-2023 23:38:01.362 정보 [main] org.apache.catalina.startup.HostConfig.deployDirectory 웹 애플리케이션 디렉토리 [C:\Jsp\Tomcat9.0\webapps\host-manager]에 대한 배치가 [25] 밀리초에 완료되었습니다.
04-Mar-2023 23:38:01.362 정보 [main] org.apache.catalina.startup.HostConfig.deployDirectory 웹 애플리케이션 디렉토리 [C:\Jsp\Tomcat9.0\webapps\manager]을(를) 배치합니다.
04-Mar-2023 23:38:01.392 정보 [main] org.apache.catalina.startup.HostConfig.deployDirectory 웹 애플리케이션 디렉토리 [C:\Jsp\Tomcat9.0\webapps\manager]에 대한 배치가 [30] 밀리초에 완료되었습니다.
04-Mar-2023 23:38:01.392 정보 [main] org.apache.catalina.startup.HostConfig.deployDirectory 웹 애플리케이션 디렉토리 [C:\Jsp\Tomcat9.0\webapps\ROOT]을(를) 배치합니다.
04-Mar-2023 23:38:01.405 정보 [main] org.apache.catalina.startup.HostConfig.deployDirectory 웹 애플리케이션 디렉토리 [C:\Jsp\Tomcat9.0\webapps\ROOT]에 대한 배치가 [13] 밀리초에 완료되었습니다.
04-Mar-2023 23:38:01.407 정보 [main] org.apache.coyote.AbstractProtocol.start 프로토콜 핸들러 ["http-nio-80"]을(를) 시작합니다.
04-Mar-2023 23:38:01.441 정보 [main] org.apache.catalina.startup.Catalina.start 서버가 [901] 밀리초 내에 시작되었습니다.
04-Mar-2023 23:41:39.721 정보 [Thread-2] org.apache.coyote.AbstractProtocol.pause 프로토콜 핸들러 ["http-nio-80"]을(를) 일시 정지 중
04-Mar-2023 23:41:39.728 정보 [Thread-2] org.apache.catalina.core.StandardService.stopInternal 서비스 [Catalina]을(를) 중지시킵니다.
04-Mar-2023 23:41:39.749 정보 [Thread-2] org.apache.coyote.AbstractProtocol.stop 프로토콜 핸들러 ["http-nio-80"]을(를) 중지시킵니다.
04-Mar-2023 23:41:39.762 정보 [Thread-2] org.apache.coyote.AbstractProtocol.destroy 프로토콜 핸들러 ["http-nio-80"]을(를) 소멸시킵니다.
